Arguments: 
  D:\software\nodejs\node.exe D:\software\nodejs\node_modules\yarn\bin\yarn.js add sass

PATH: 
  E:\project\viteProjects\hkzf\node_modules\.bin;C:\Windows\system32;C:\Windows;C:\Windows\System32\Wbem;C:\Windows\System32\WindowsPowerShell\v1.0\;C:\Windows\System32\OpenSSH\;D:\software\Git\cmd;D:\software\nvm;D:\software\nodejs;C:\Program Files (x86)\NVIDIA Corporation\PhysX\Common;C:\Program Files\NVIDIA Corporation\NVIDIA NvDLISR;D:\software\TortoiseGit\bin;C:\Program Files\dotnet\;C:\Program Files (x86)\dotnet\;C:\Users\ABC\AppData\Local\Microsoft\WindowsApps;D:\software\Microsoft VS Code\bin;D:\software\nvm;D:\software\nodejs;D:\software\anaconda3\Scripts;D:\software\anaconda3\Library\bin;D:\software\anaconda3\Lib\site-packages\numpy;D:\software\anaconda3\Lib\site-packages;D:\software\anaconda3;D:\software\platform-tools;C:\Users\ABC\AppData\Local\Pandoc\;D:\software\Nox\bin;D:\software\MongoDB\Server\4.4\bin;D:\software\Fiddler;D:\software\wamp64\bin\mysql\mysql8.0.21\bin;;D:\software\JetBrains\WebStorm 2021.1\bin;;D:\software\Huawei\DevEco Studio 2.1.0.501\bin;;D:\software\JetBrains\PyCharm 2021.1.3\bin;

Yarn version: 
  1.22.10

Node version: 
  15.12.0

Platform: 
  win32 x64

Trace: 
  Error: EPERM: operation not permitted, unlink 'E:\project\viteProjects\hkzf\node_modules\esbuild\esbuild.exe'

npm manifest: 
  {
    "name": "hkzf",
    "version": "0.0.0",
    "scripts": {
      "dev": "vite",
      "build": "vite build",
      "serve": "vite preview"
    },
    "dependencies": {
      "antd-mobile": "^2.3.4",
      "react": "^17.0.0",
      "react-dom": "^17.0.0",
      "react-router-dom": "^5.2.0"
    },
    "devDependencies": {
      "@vitejs/plugin-react-refresh": "^1.3.1",
      "resolve": "^1.20.0",
      "vite": "^2.4.4"
    }
  }

yarn manifest: 
  No manifest

Lockfile: 
  # THIS IS AN AUTOGENERATED FILE. DO NOT EDIT THIS FILE DIRECTLY.
  # yarn lockfile v1
  
  
  "@babel/code-frame@^7.14.5":
    "integrity" "sha1-I7CNdA6D9JxeWZRfvxtD6Au/Tts="
    "resolved" "https://r.cnpmjs.org/@babel/code-frame/download/@babel/code-frame-7.14.5.tgz"
    "version" "7.14.5"
    dependencies:
      "@babel/highlight" "^7.14.5"
  
  "@babel/compat-data@^7.15.0":
    "integrity" "sha1-Lbr4uFM0eWyvuw9Xk6kKL8AQsXY="
    "resolved" "https://r.cnpmjs.org/@babel/compat-data/download/@babel/compat-data-7.15.0.tgz"
    "version" "7.15.0"
  
  "@babel/core@^7.0.0", "@babel/core@^7.0.0-0", "@babel/core@^7.14.8":
    "integrity" "sha1-dJ5Xxod4tzrYCCd1Vh9n9Rlqr6g="
    "resolved" "https://r.cnpmjs.org/@babel/core/download/@babel/core-7.15.0.tgz"
    "version" "7.15.0"
    dependencies:
      "@babel/code-frame" "^7.14.5"
      "@babel/generator" "^7.15.0"
      "@babel/helper-compilation-targets" "^7.15.0"
      "@babel/helper-module-transforms" "^7.15.0"
      "@babel/helpers" "^7.14.8"
      "@babel/parser" "^7.15.0"
      "@babel/template" "^7.14.5"
      "@babel/traverse" "^7.15.0"
      "@babel/types" "^7.15.0"
      "convert-source-map" "^1.7.0"
      "debug" "^4.1.0"
      "gensync" "^1.0.0-beta.2"
      "json5" "^2.1.2"
      "semver" "^6.3.0"
      "source-map" "^0.5.0"
  
  "@babel/generator@^7.15.0":
    "integrity" "sha1-p9DBcuDYFJdLrVqnes5UO5eRfxU="
    "resolved" "https://r.cnpmjs.org/@babel/generator/download/@babel/generator-7.15.0.tgz"
    "version" "7.15.0"
    dependencies:
      "@babel/types" "^7.15.0"
      "jsesc" "^2.5.1"
      "source-map" "^0.5.0"
  
  "@babel/helper-compilation-targets@^7.15.0":
    "integrity" "sha1-lz34y9AlUV8/8l2wwF78cE+nmBg="
    "resolved" "https://r.cnpmjs.org/@babel/helper-compilation-targets/download/@babel/helper-compilation-targets-7.15.0.tgz"
    "version" "7.15.0"
    dependencies:
      "@babel/compat-data" "^7.15.0"
      "@babel/helper-validator-option" "^7.14.5"
      "browserslist" "^4.16.6"
      "semver" "^6.3.0"
  
  "@babel/helper-function-name@^7.14.5":
    "integrity" "sha1-ieLEdJcvFdjiM7Uu6MSA4s/NUMQ="
    "resolved" "https://r.cnpmjs.org/@babel/helper-function-name/download/@babel/helper-function-name-7.14.5.tgz"
    "version" "7.14.5"
    dependencies:
      "@babel/helper-get-function-arity" "^7.14.5"
      "@babel/template" "^7.14.5"
      "@babel/types" "^7.14.5"
  
  "@babel/helper-get-function-arity@^7.14.5":
    "integrity" "sha1-Jfv6V5sJN+7h87gF7OTOOYxDGBU="
    "resolved" "https://r.cnpmjs.org/@babel/helper-get-function-arity/download/@babel/helper-get-function-arity-7.14.5.tgz"
    "version" "7.14.5"
    dependencies:
      "@babel/types" "^7.14.5"
  
  "@babel/helper-hoist-variables@^7.14.5":
    "integrity" "sha1-4N0nwzp45XfXyIhJFqPn7x98f40="
    "resolved" "https://r.cnpmjs.org/@babel/helper-hoist-variables/download/@babel/helper-hoist-variables-7.14.5.tgz"
    "version" "7.14.5"
    dependencies:
      "@babel/types" "^7.14.5"
  
  "@babel/helper-member-expression-to-functions@^7.15.0":
    "integrity" "sha1-Ddr1KZyBefJ/NzJ5NlU+m7pgmQs="
    "resolved" "https://r.cnpmjs.org/@babel/helper-member-expression-to-functions/download/@babel/helper-member-expression-to-functions-7.15.0.tgz"
    "version" "7.15.0"
    dependencies:
      "@babel/types" "^7.15.0"
  
  "@babel/helper-module-imports@^7.14.5":
    "integrity" "sha1-bRpE32o4yVeqfDEtoHZCnxG0IvM="
    "resolved" "https://r.cnpmjs.org/@babel/helper-module-imports/download/@babel/helper-module-imports-7.14.5.tgz"
    "version" "7.14.5"
    dependencies:
      "@babel/types" "^7.14.5"
  
  "@babel/helper-module-transforms@^7.15.0":
    "integrity" "sha1-Z5J1WB6gVjc+3b42DhQZ7yN4Owg="
    "resolved" "https://r.cnpmjs.org/@babel/helper-module-transforms/download/@babel/helper-module-transforms-7.15.0.tgz"
    "version" "7.15.0"
    dependencies:
      "@babel/helper-module-imports" "^7.14.5"
      "@babel/helper-replace-supers" "^7.15.0"
      "@babel/helper-simple-access" "^7.14.8"
      "@babel/helper-split-export-declaration" "^7.14.5"
      "@babel/helper-validator-identifier" "^7.14.9"
      "@babel/template" "^7.14.5"
      "@babel/traverse" "^7.15.0"
      "@babel/types" "^7.15.0"
  
  "@babel/helper-optimise-call-expression@^7.14.5":
    "integrity" "sha1-8nOVqGGeBmWz8DZM3bQcJdcbSZw="
    "resolved" "https://r.cnpmjs.org/@babel/helper-optimise-call-expression/download/@babel/helper-optimise-call-expression-7.14.5.tgz"
    "version" "7.14.5"
    dependencies:
      "@babel/types" "^7.14.5"
  
  "@babel/helper-plugin-utils@^7.14.5":
    "integrity" "sha1-WsgizpfuxGdBq3ClF5ceRDpwxak="
    "resolved" "https://r.cnpmjs.org/@babel/helper-plugin-utils/download/@babel/helper-plugin-utils-7.14.5.tgz"
    "version" "7.14.5"
  
  "@babel/helper-replace-supers@^7.15.0":
    "integrity" "sha1-rOB3CPW/dGvy5rqZVyzOebXU5/Q="
    "resolved" "https://r.cnpmjs.org/@babel/helper-replace-supers/download/@babel/helper-replace-supers-7.15.0.tgz"
    "version" "7.15.0"
    dependencies:
      "@babel/helper-member-expression-to-functions" "^7.15.0"
      "@babel/helper-optimise-call-expression" "^7.14.5"
      "@babel/traverse" "^7.15.0"
      "@babel/types" "^7.15.0"
  
  "@babel/helper-simple-access@^7.14.8":
    "integrity" "sha1-guH+wGRKfndcdNMF8hLDn4/nOSQ="
    "resolved" "https://r.cnpmjs.org/@babel/helper-simple-access/download/@babel/helper-simple-access-7.14.8.tgz"
    "version" "7.14.8"
    dependencies:
      "@babel/types" "^7.14.8"
  
  "@babel/helper-split-export-declaration@^7.14.5":
    "integrity" "sha1-IrI6VO9RwrdgXYUZMMGXbdC8aTo="
    "resolved" "https://r.cnpmjs.org/@babel/helper-split-export-declaration/download/@babel/helper-split-export-declaration-7.14.5.tgz"
    "version" "7.14.5"
    dependencies:
      "@babel/types" "^7.14.5"
  
  "@babel/helper-validator-identifier@^7.14.5", "@babel/helper-validator-identifier@^7.14.9":
    "integrity" "sha1-ZlTRcbICT22O4VG/JQlpmRkTHUg="
    "resolved" "https://r.cnpmjs.org/@babel/helper-validator-identifier/download/@babel/helper-validator-identifier-7.14.9.tgz"
    "version" "7.14.9"
  
  "@babel/helper-validator-option@^7.14.5":
    "integrity" "sha1-bnKh//GNXfy4eOHmLxoCHEty1aM="
    "resolved" "https://r.cnpmjs.org/@babel/helper-validator-option/download/@babel/helper-validator-option-7.14.5.tgz"
    "version" "7.14.5"
  
  "@babel/helpers@^7.14.8":
    "integrity" "sha1-yWg4t1K5Xc1SW050HtQLsdwqE1c="
    "resolved" "https://r.cnpmjs.org/@babel/helpers/download/@babel/helpers-7.15.3.tgz"
    "version" "7.15.3"
    dependencies:
      "@babel/template" "^7.14.5"
      "@babel/traverse" "^7.15.0"
      "@babel/types" "^7.15.0"
  
  "@babel/highlight@^7.14.5":
    "integrity" "sha1-aGGlLwOWZAUAH2qlNKAaJNmejNk="
    "resolved" "https://r.cnpmjs.org/@babel/highlight/download/@babel/highlight-7.14.5.tgz"
    "version" "7.14.5"
    dependencies:
      "@babel/helper-validator-identifier" "^7.14.5"
      "chalk" "^2.0.0"
      "js-tokens" "^4.0.0"
  
  "@babel/parser@^7.14.5", "@babel/parser@^7.15.0":
    "integrity" "sha1-NBbZvqdIBSz8tj28wnNoEFse2GI="
    "resolved" "https://r.cnpmjs.org/@babel/parser/download/@babel/parser-7.15.3.tgz"
    "version" "7.15.3"
  
  "@babel/plugin-transform-react-jsx-self@^7.14.5":
    "integrity" "sha1-MwQeZlRTOR627lSi7PO6HUa9MPQ="
    "resolved" "https://r.cnpmjs.org/@babel/plugin-transform-react-jsx-self/download/@babel/plugin-transform-react-jsx-self-7.14.9.tgz"
    "version" "7.14.9"
    dependencies:
      "@babel/helper-plugin-utils" "^7.14.5"
  
  "@babel/plugin-transform-react-jsx-source@^7.14.5":
    "integrity" "sha1-efco5g5tvTGiuGCwv2yXZZGKzx0="
    "resolved" "https://r.cnpmjs.org/@babel/plugin-transform-react-jsx-source/download/@babel/plugin-transform-react-jsx-source-7.14.5.tgz"
    "version" "7.14.5"
    dependencies:
      "@babel/helper-plugin-utils" "^7.14.5"
  
  "@babel/runtime@^7.1.2", "@babel/runtime@^7.12.1":
    "integrity" "sha1-LhwogMoRjlsvmYgyK9inZWoyUCs="
    "resolved" "https://r.cnpmjs.org/@babel/runtime/download/@babel/runtime-7.15.3.tgz"
    "version" "7.15.3"
    dependencies:
      "regenerator-runtime" "^0.13.4"
  
  "@babel/template@^7.14.5":
    "integrity" "sha1-qbydizM1T/blWpxg0RCSAKaJdPQ="
    "resolved" "https://r.cnpmjs.org/@babel/template/download/@babel/template-7.14.5.tgz"
    "version" "7.14.5"
    dependencies:
      "@babel/code-frame" "^7.14.5"
      "@babel/parser" "^7.14.5"
      "@babel/types" "^7.14.5"
  
  "@babel/traverse@^7.15.0":
    "integrity" "sha1-TMqDj9GyoDKDwfOOFB9jnWCz/Jg="
    "resolved" "https://r.cnpmjs.org/@babel/traverse/download/@babel/traverse-7.15.0.tgz"
    "version" "7.15.0"
    dependencies:
      "@babel/code-frame" "^7.14.5"
      "@babel/generator" "^7.15.0"
      "@babel/helper-function-name" "^7.14.5"
      "@babel/helper-hoist-variables" "^7.14.5"
      "@babel/helper-split-export-declaration" "^7.14.5"
      "@babel/parser" "^7.15.0"
      "@babel/types" "^7.15.0"
      "debug" "^4.1.0"
      "globals" "^11.1.0"
  
  "@babel/types@^7.14.5", "@babel/types@^7.14.8", "@babel/types@^7.15.0":
    "integrity" "sha1-Ya8R8ihsTpxpyo3rX0N1pzxy3L0="
    "resolved" "https://r.cnpmjs.org/@babel/types/download/@babel/types-7.15.0.tgz"
    "version" "7.15.0"
    dependencies:
      "@babel/helper-validator-identifier" "^7.14.9"
      "to-fast-properties" "^2.0.0"
  
  "@rollup/pluginutils@^4.1.1":
    "integrity" "sha1-HU2obdTt7RVlalfZM/2iuaCNR+w="
    "resolved" "https://r.cnpmjs.org/@rollup/pluginutils/download/@rollup/pluginutils-4.1.1.tgz"
    "version" "4.1.1"
    dependencies:
      "estree-walker" "^2.0.1"
      "picomatch" "^2.2.2"
  
  "@vitejs/plugin-react-refresh@^1.3.1":
    "integrity" "sha1-GYGDktsB6BdGz+sE4JarMBDnn+M="
    "resolved" "https://r.cnpmjs.org/@vitejs/plugin-react-refresh/download/@vitejs/plugin-react-refresh-1.3.6.tgz"
    "version" "1.3.6"
    dependencies:
      "@babel/core" "^7.14.8"
      "@babel/plugin-transform-react-jsx-self" "^7.14.5"
      "@babel/plugin-transform-react-jsx-source" "^7.14.5"
      "@rollup/pluginutils" "^4.1.1"
      "react-refresh" "^0.10.0"
  
  "add-dom-event-listener@^1.1.0":
    "integrity" "sha1-apLbOg3Qq8JU4JXA8dwUrLuq4xA="
    "resolved" "https://r.cnpmjs.org/add-dom-event-listener/download/add-dom-event-listener-1.1.0.tgz"
    "version" "1.1.0"
    dependencies:
      "object-assign" "4.x"
  
  "ansi-styles@^3.2.1":
    "integrity" "sha1-QfuyAkPlCxK+DwS43tvwdSDOhB0="
    "resolved" "https://r.cnpmjs.org/ansi-styles/download/ansi-styles-3.2.1.tgz"
    "version" "3.2.1"
    dependencies:
      "color-convert" "^1.9.0"
  
  "antd-mobile@^2.3.4":
    "integrity" "sha1-j1hHB7MDQ9EC88oQ/a9nfipdHMg="
    "resolved" "https://r.cnpmjs.org/antd-mobile/download/antd-mobile-2.3.4.tgz"
    "version" "2.3.4"
    dependencies:
      "array-tree-filter" "~2.1.0"
      "babel-runtime" "6.x"
      "classnames" "^2.2.1"
      "normalize.css" "^7.0.0"
      "rc-checkbox" "~2.0.0"
      "rc-collapse" "~1.9.1"
      "rc-slider" "~8.2.0"
      "rc-swipeout" "~2.0.0"
      "rmc-calendar" "^1.0.0"
      "rmc-cascader" "~5.0.0"
      "rmc-date-picker" "^6.0.8"
      "rmc-dialog" "^1.0.1"
      "rmc-drawer" "^0.4.11"
      "rmc-feedback" "^2.0.0"
      "rmc-input-number" "^1.0.0"
      "rmc-list-view" "^0.11.0"
      "rmc-notification" "~1.0.0"
      "rmc-nuka-carousel" "~3.0.0"
      "rmc-picker" "~5.0.0"
      "rmc-pull-to-refresh" "~1.0.1"
      "rmc-steps" "~1.0.0"
      "rmc-tabs" "~1.2.0"
      "rmc-tooltip" "~1.0.0"
  
  "array-tree-filter@~2.1.0", "array-tree-filter@2.1.x":
    "integrity" "sha1-hzrAD+yDdJ8lWsjdCDgUtPYykZA="
    "resolved" "https://r.cnpmjs.org/array-tree-filter/download/array-tree-filter-2.1.0.tgz"
    "version" "2.1.0"
  
  "asap@~2.0.3":
    "integrity" "sha1-5QNHYR1+aQlDIIu9r+vLwvuGbUY="
    "resolved" "https://r.cnpmjs.org/asap/download/asap-2.0.6.tgz"
    "version" "2.0.6"
  
  "babel-runtime@^6.23.0", "babel-runtime@^6.26.0", "babel-runtime@6.x":
    "integrity" "sha1-llxwWGaOgrVde/4E/yM3vItWR/4="
    "resolved" "https://r.cnpmjs.org/babel-runtime/download/babel-runtime-6.26.0.tgz"
    "version" "6.26.0"
    dependencies:
      "core-js" "^2.4.0"
      "regenerator-runtime" "^0.11.0"
  
  "browserslist@^4.16.6":
    "integrity" "sha1-EIsNHvM8SvG1h8VPOQ5wQReOQzU="
    "resolved" "https://r.cnpmjs.org/browserslist/download/browserslist-4.16.7.tgz"
    "version" "4.16.7"
    dependencies:
      "caniuse-lite" "^1.0.30001248"
      "colorette" "^1.2.2"
      "electron-to-chromium" "^1.3.793"
      "escalade" "^3.1.1"
      "node-releases" "^1.1.73"
  
  "caniuse-lite@^1.0.30001248":
    "integrity" "sha1-aFOmBuxQiTEV22YPgsCU0Y8JbYU="
    "resolved" "https://r.cnpmjs.org/caniuse-lite/download/caniuse-lite-1.0.30001251.tgz"
    "version" "1.0.30001251"
  
  "chalk@^2.0.0":
    "integrity" "sha1-zUJUFnelQzPPVBpJEIwUMrRMlCQ="
    "resolved" "https://r.cnpmjs.org/chalk/download/chalk-2.4.2.tgz"
    "version" "2.4.2"
    dependencies:
      "ansi-styles" "^3.2.1"
      "escape-string-regexp" "^1.0.5"
      "supports-color" "^5.3.0"
  
  "classnames@^2.2.0", "classnames@^2.2.1", "classnames@^2.2.3", "classnames@^2.2.4", "classnames@^2.2.5", "classnames@^2.2.6", "classnames@2.x":
    "integrity" "sha1-38+jiR4wbsHa0QXQ6I9EF7hTXo4="
    "resolved" "https://r.cnpmjs.org/classnames/download/classnames-2.3.1.tgz"
    "version" "2.3.1"
  
  "color-convert@^1.9.0":
    "integrity" "sha1-u3GFBpDh8TZWfeYp0tVHHe2kweg="
    "resolved" "https://r.cnpmjs.org/color-convert/download/color-convert-1.9.3.tgz"
    "version" "1.9.3"
    dependencies:
      "color-name" "1.1.3"
  
  "color-name@1.1.3":
    "integrity" "sha1-p9BVi9icQveV3UIyj3QIMcpTvCU="
    "resolved" "https://r.cnpmjs.org/color-name/download/color-name-1.1.3.tgz"
    "version" "1.1.3"
  
  "colorette@^1.2.2":
    "integrity" "sha1-/0XS8O2yRAadO3cq3rBP7TjQoK8="
    "resolved" "https://r.cnpmjs.org/colorette/download/colorette-1.3.0.tgz"
    "version" "1.3.0"
  
  "component-classes@^1.2.5":
    "integrity" "sha1-xkI5TDYYpNiwuJGe/Mu9kw5c1pE="
    "resolved" "https://r.cnpmjs.org/component-classes/download/component-classes-1.2.6.tgz"
    "version" "1.2.6"
    dependencies:
      "component-indexof" "0.0.3"
  
  "component-indexof@0.0.3":
    "integrity" "sha1-EdCRMSI5648yyPJa6csAL/6NPCQ="
    "resolved" "https://r.cnpmjs.org/component-indexof/download/component-indexof-0.0.3.tgz"
    "version" "0.0.3"
  
  "convert-source-map@^1.7.0":
    "integrity" "sha1-8zc8MtIbTXgN2ABFFGhPt5HKQ2k="
    "resolved" "https://r.cnpmjs.org/convert-source-map/download/convert-source-map-1.8.0.tgz"
    "version" "1.8.0"
    dependencies:
      "safe-buffer" "~5.1.1"
  
  "core-js@^1.0.0":
    "integrity" "sha1-ZSKUwUZR2yj6k70tX/KYOk8IxjY="
    "resolved" "https://r.cnpmjs.org/core-js/download/core-js-1.2.7.tgz"
    "version" "1.2.7"
  
  "core-js@^2.4.0":
    "integrity" "sha1-2TM9+nsGXjR8xWgiGdb2kIWcwuw="
    "resolved" "https://r.cnpmjs.org/core-js/download/core-js-2.6.12.tgz"
    "version" "2.6.12"
  
  "create-react-class@^15.6.0":
    "integrity" "sha1-dJnXyi5pu1HRP69ZvQTwxlodbB4="
    "resolved" "https://r.cnpmjs.org/create-react-class/download/create-react-class-15.7.0.tgz"
    "version" "15.7.0"
    dependencies:
      "loose-envify" "^1.3.1"
      "object-assign" "^4.1.1"
  
  "css-animation@^1.3.2", "css-animation@1.x":
    "integrity" "sha1-FiBko7DVH5WLf/N7PW1N4Y4XA54="
    "resolved" "https://r.cnpmjs.org/css-animation/download/css-animation-1.6.1.tgz"
    "version" "1.6.1"
    dependencies:
      "babel-runtime" "6.x"
      "component-classes" "^1.2.5"
  
  "debug@^4.1.0":
    "integrity" "sha1-8KScGKyHeeMdSgxgKd+3aHPHQos="
    "resolved" "https://r.cnpmjs.org/debug/download/debug-4.3.2.tgz"
    "version" "4.3.2"
    dependencies:
      "ms" "2.1.2"
  
  "dom-align@^1.7.0", "dom-align@1.x":
    "integrity" "sha1-D4Fk69DJwhsMeQMQSTzYVYkqzUs="
    "resolved" "https://r.cnpmjs.org/dom-align/download/dom-align-1.12.2.tgz"
    "version" "1.12.2"
  
  "electron-to-chromium@^1.3.793":
    "integrity" "sha1-oIczk6OwJ+xgva8ioZxJRmiM+UE="
    "resolved" "https://r.cnpmjs.org/electron-to-chromium/download/electron-to-chromium-1.3.805.tgz"
    "version" "1.3.805"
  
  "encoding@^0.1.11":
    "integrity" "sha1-VldK/deR9UqOmyeFwFgqLSYhD6k="
    "resolved" "https://r.cnpmjs.org/encoding/download/encoding-0.1.13.tgz"
    "version" "0.1.13"
    dependencies:
      "iconv-lite" "^0.6.2"
  
  "esbuild@^0.12.8":
    "integrity" "sha1-TTydg8maQDHgJ7QqTDmMI7aCfLA="
    "resolved" "https://r.cnpmjs.org/esbuild/download/esbuild-0.12.20.tgz"
    "version" "0.12.20"
  
  "escalade@^3.1.1":
    "integrity" "sha1-2M/ccACWXFoBdLSoLqpcBVJ0LkA="
    "resolved" "https://r.cnpmjs.org/escalade/download/escalade-3.1.1.tgz"
    "version" "3.1.1"
  
  "escape-string-regexp@^1.0.5":
    "integrity" "sha1-G2HAViGQqN/2rjuyzwIAyhMLhtQ="
    "resolved" "https://r.cnpmjs.org/escape-string-regexp/download/escape-string-regexp-1.0.5.tgz"
    "version" "1.0.5"
  
  "estree-walker@^2.0.1":
    "integrity" "sha1-UvAQF4wqTBF6d1fP6UKtt9LaTKw="
    "resolved" "https://r.cnpmjs.org/estree-walker/download/estree-walker-2.0.2.tgz"
    "version" "2.0.2"
  
  "exenv@^1.2.0":
    "integrity" "sha1-KueOhdmJQVhnCwPUe+wfA72Ru50="
    "resolved" "https://r.cnpmjs.org/exenv/download/exenv-1.2.2.tgz"
    "version" "1.2.2"
  
  "fbjs@^0.8.3":
    "integrity" "sha1-xNWY6taUkRJlPWWIsBpc3Nn5D90="
    "resolved" "https://r.cnpmjs.org/fbjs/download/fbjs-0.8.17.tgz"
    "version" "0.8.17"
    dependencies:
      "core-js" "^1.0.0"
      "isomorphic-fetch" "^2.1.1"
      "loose-envify" "^1.0.0"
      "object-assign" "^4.1.0"
      "promise" "^7.1.1"
      "setimmediate" "^1.0.5"
      "ua-parser-js" "^0.7.18"
  
  "function-bind@^1.1.1":
    "integrity" "sha1-pWiZ0+o8m6uHS7l3O3xe3pL0iV0="
    "resolved" "https://r.cnpmjs.org/function-bind/download/function-bind-1.1.1.tgz"
    "version" "1.1.1"
  
  "gensync@^1.0.0-beta.2":
    "integrity" "sha1-MqbudsPX9S1GsrGuXZP+qFgKJeA="
    "resolved" "https://r.cnpmjs.org/gensync/download/gensync-1.0.0-beta.2.tgz"
    "version" "1.0.0-beta.2"
  
  "globals@^11.1.0":
    "integrity" "sha1-q4eVM4hooLq9hSV1gBjCp+uVxC4="
    "resolved" "https://r.cnpmjs.org/globals/download/globals-11.12.0.tgz"
    "version" "11.12.0"
  
  "has-flag@^3.0.0":
    "integrity" "sha1-tdRU3CGZriJWmfNGfloH87lVuv0="
    "resolved" "https://r.cnpmjs.org/has-flag/download/has-flag-3.0.0.tgz"
    "version" "3.0.0"
  
  "has@^1.0.3":
    "integrity" "sha1-ci18v8H2qoJB8W3YFOAR4fQeh5Y="
    "resolved" "https://r.cnpmjs.org/has/download/has-1.0.3.tgz"
    "version" "1.0.3"
    dependencies:
      "function-bind" "^1.1.1"
  
  "history@^4.9.0":
    "integrity" "sha1-MzcaZeOoOyZ0NOKz87G0xYqtTPM="
    "resolved" "https://r.cnpmjs.org/history/download/history-4.10.1.tgz"
    "version" "4.10.1"
    dependencies:
      "@babel/runtime" "^7.1.2"
      "loose-envify" "^1.2.0"
      "resolve-pathname" "^3.0.0"
      "tiny-invariant" "^1.0.2"
      "tiny-warning" "^1.0.0"
      "value-equal" "^1.0.1"
  
  "hoist-non-react-statics@^3.1.0":
    "integrity" "sha1-7OCsr3HWLClpwuxZ/v9CpLGoW0U="
    "resolved" "https://r.cnpmjs.org/hoist-non-react-statics/download/hoist-non-react-statics-3.3.2.tgz"
    "version" "3.3.2"
    dependencies:
      "react-is" "^16.7.0"
  
  "iconv-lite@^0.6.2":
    "integrity" "sha1-pS+AvzjaGVLrXGgXkHGYcaGnJQE="
    "resolved" "https://r.cnpmjs.org/iconv-lite/download/iconv-lite-0.6.3.tgz"
    "version" "0.6.3"
    dependencies:
      "safer-buffer" ">= 2.1.2 < 3.0.0"
  
  "is-core-module@^2.2.0":
    "integrity" "sha1-91SENhfHC/0pt72HMnQAzaXBhJE="
    "resolved" "https://r.cnpmjs.org/is-core-module/download/is-core-module-2.5.0.tgz"
    "version" "2.5.0"
    dependencies:
      "has" "^1.0.3"
  
  "is-stream@^1.0.1":
    "integrity" "sha1-EtSj3U5o4Lec6428hBc66A2RykQ="
    "resolved" "https://r.cnpmjs.org/is-stream/download/is-stream-1.1.0.tgz"
    "version" "1.1.0"
  
  "isarray@0.0.1":
    "integrity" "sha1-ihis/Kmo9Bd+Cav8YDiTmwXR7t8="
    "resolved" "https://r.cnpmjs.org/isarray/download/isarray-0.0.1.tgz"
    "version" "0.0.1"
  
  "isomorphic-fetch@^2.1.1":
    "integrity" "sha1-YRrhrPFPXoH3KVB0coGf6XM1WKk="
    "resolved" "https://r.cnpmjs.org/isomorphic-fetch/download/isomorphic-fetch-2.2.1.tgz"
    "version" "2.2.1"
    dependencies:
      "node-fetch" "^1.0.1"
      "whatwg-fetch" ">=0.10.0"
  
  "js-tokens@^3.0.0 || ^4.0.0", "js-tokens@^4.0.0":
    "integrity" "sha1-GSA/tZmR35jjoocFDUZHzerzJJk="
    "resolved" "https://r.cnpmjs.org/js-tokens/download/js-tokens-4.0.0.tgz"
    "version" "4.0.0"
  
  "jsesc@^2.5.1":
    "integrity" "sha1-gFZNLkg9rPbo7yCWUKZ98/DCg6Q="
    "resolved" "https://r.cnpmjs.org/jsesc/download/jsesc-2.5.2.tgz"
    "version" "2.5.2"
  
  "json5@^2.1.2":
    "integrity" "sha1-Lf7+cgxrpSXZ69kJlQ8FFTFsiaM="
    "resolved" "https://r.cnpmjs.org/json5/download/json5-2.2.0.tgz"
    "version" "2.2.0"
    dependencies:
      "minimist" "^1.2.5"
  
  "loose-envify@^1.0.0", "loose-envify@^1.1.0", "loose-envify@^1.2.0", "loose-envify@^1.3.1", "loose-envify@^1.4.0":
    "integrity" "sha1-ce5R+nvkyuwaY4OffmgtgTLTDK8="
    "resolved" "https://r.cnpmjs.org/loose-envify/download/loose-envify-1.4.0.tgz"
    "version" "1.4.0"
    dependencies:
      "js-tokens" "^3.0.0 || ^4.0.0"
  
  "mini-create-react-context@^0.4.0":
    "integrity" "sha1-ByFxVhv9ySLaCKYMIZekl8wtHV4="
    "resolved" "https://r.cnpmjs.org/mini-create-react-context/download/mini-create-react-context-0.4.1.tgz"
    "version" "0.4.1"
    dependencies:
      "@babel/runtime" "^7.12.1"
      "tiny-warning" "^1.0.3"
  
  "minimist@^1.2.5":
    "integrity" "sha1-Z9ZgFLZqaoqqDAg8X9WN9OTpdgI="
    "resolved" "https://r.cnpmjs.org/minimist/download/minimist-1.2.5.tgz"
    "version" "1.2.5"
  
  "ms@2.1.2":
    "integrity" "sha1-0J0fNXtEP0kzgqjrPM0YOHKuYAk="
    "resolved" "https://r.cnpmjs.org/ms/download/ms-2.1.2.tgz"
    "version" "2.1.2"
  
  "nanoid@^3.1.23":
    "integrity" "sha1-CcoydHwOVD8OGBS303k0d/nI4VI="
    "resolved" "https://r.cnpmjs.org/nanoid/download/nanoid-3.1.25.tgz"
    "version" "3.1.25"
  
  "node-fetch@^1.0.1":
    "integrity" "sha1-mA9vcthSEaU0fGsrwYxbhMPrR+8="
    "resolved" "https://r.cnpmjs.org/node-fetch/download/node-fetch-1.7.3.tgz"
    "version" "1.7.3"
    dependencies:
      "encoding" "^0.1.11"
      "is-stream" "^1.0.1"
  
  "node-releases@^1.1.73":
    "integrity" "sha1-5YZkiAgOuqcKk7kRRMzeBvPDRj4="
    "resolved" "https://r.cnpmjs.org/node-releases/download/node-releases-1.1.74.tgz"
    "version" "1.1.74"
  
  "normalize.css@^7.0.0":
    "integrity" "sha1-q/sd2CRwZ04DIrU86xqvQSk45L8="
    "resolved" "https://r.cnpmjs.org/normalize.css/download/normalize.css-7.0.0.tgz"
    "version" "7.0.0"
  
  "object-assign@^4.1.0", "object-assign@^4.1.1", "object-assign@4.x":
    "integrity" "sha1-IQmtx5ZYh8/AXLvUQsrIv7s2CGM="
    "resolved" "https://r.cnpmjs.org/object-assign/download/object-assign-4.1.1.tgz"
    "version" "4.1.1"
  
  "path-parse@^1.0.6":
    "integrity" "sha1-+8EUtgykKzDZ2vWFjkvWi77bZzU="
    "resolved" "https://r.cnpmjs.org/path-parse/download/path-parse-1.0.7.tgz"
    "version" "1.0.7"
  
  "path-to-regexp@^1.7.0":
    "integrity" "sha1-iHs7qdhDk+h6CgufTLdWGYtTVIo="
    "resolved" "https://r.cnpmjs.org/path-to-regexp/download/path-to-regexp-1.8.0.tgz"
    "version" "1.8.0"
    dependencies:
      "isarray" "0.0.1"
  
  "performance-now@^2.1.0":
    "integrity" "sha1-Ywn04OX6kT7BxpMHrjZLSzd8nns="
    "resolved" "https://r.cnpmjs.org/performance-now/download/performance-now-2.1.0.tgz"
    "version" "2.1.0"
  
  "picomatch@^2.2.2":
    "integrity" "sha1-8fBh3o9qS/AiiS4tEoI0+5gwKXI="
    "resolved" "https://r.cnpmjs.org/picomatch/download/picomatch-2.3.0.tgz"
    "version" "2.3.0"
  
  "postcss@^8.3.6":
    "integrity" "sha1-JzDddql5afN/U7mmCWGXvjEcxOo="
    "resolved" "https://r.cnpmjs.org/postcss/download/postcss-8.3.6.tgz"
    "version" "8.3.6"
    dependencies:
      "colorette" "^1.2.2"
      "nanoid" "^3.1.23"
      "source-map-js" "^0.6.2"
  
  "promise@^7.1.1":
    "integrity" "sha1-BktyYCsY+Q8pGSuLG8QY/9Hr078="
    "resolved" "https://r.cnpmjs.org/promise/download/promise-7.3.1.tgz"
    "version" "7.3.1"
    dependencies:
      "asap" "~2.0.3"
  
  "prop-types@^15.0.0", "prop-types@^15.5.10", "prop-types@^15.5.4", "prop-types@^15.5.6", "prop-types@^15.5.8", "prop-types@^15.6.2", "prop-types@15.x":
    "integrity" "sha1-UsQedbjIfnK52TYOAga5ncv/psU="
    "resolved" "https://r.cnpmjs.org/prop-types/download/prop-types-15.7.2.tgz"
    "version" "15.7.2"
    dependencies:
      "loose-envify" "^1.4.0"
      "object-assign" "^4.1.1"
      "react-is" "^16.8.1"
  
  "raf@^3.1.0", "raf@^3.3.2", "raf@^3.4.0":
    "integrity" "sha1-B0LpmkplUvRF1z4+4DKK8P8e3jk="
    "resolved" "https://r.cnpmjs.org/raf/download/raf-3.4.1.tgz"
    "version" "3.4.1"
    dependencies:
      "performance-now" "^2.1.0"
  
  "rc-align@^2.4.0":
    "integrity" "sha1-yUGlhvWdEBfyOkKPC0aGY/txAqs="
    "resolved" "https://r.cnpmjs.org/rc-align/download/rc-align-2.4.5.tgz"
    "version" "2.4.5"
    dependencies:
      "babel-runtime" "^6.26.0"
      "dom-align" "^1.7.0"
      "prop-types" "^15.5.8"
      "rc-util" "^4.0.4"
  
  "rc-animate@^2.4.4", "rc-animate@2.x":
    "integrity" "sha1-JmbutvHypJWhOyrwniNnEieP2yw="
    "resolved" "https://r.cnpmjs.org/rc-animate/download/rc-animate-2.11.1.tgz"
    "version" "2.11.1"
    dependencies:
      "babel-runtime" "6.x"
      "classnames" "^2.2.6"
      "css-animation" "^1.3.2"
      "prop-types" "15.x"
      "raf" "^3.4.0"
      "rc-util" "^4.15.3"
      "react-lifecycles-compat" "^3.0.4"
  
  "rc-checkbox@~2.0.0":
    "integrity" "sha1-Q2qdUIlI4iSYDwU16nOLSBd6jyU="
    "resolved" "https://r.cnpmjs.org/rc-checkbox/download/rc-checkbox-2.0.3.tgz"
    "version" "2.0.3"
    dependencies:
      "babel-runtime" "^6.23.0"
      "classnames" "2.x"
      "prop-types" "15.x"
      "rc-util" "^4.0.4"
  
  "rc-collapse@~1.9.1":
    "integrity" "sha1-2XQdsGqCM1Ph/RrsO6TA+divSyY="
    "resolved" "https://r.cnpmjs.org/rc-collapse/download/rc-collapse-1.9.3.tgz"
    "version" "1.9.3"
    dependencies:
      "classnames" "2.x"
      "css-animation" "1.x"
      "prop-types" "^15.5.6"
      "rc-animate" "2.x"
  
  "rc-gesture@~0.0.18", "rc-gesture@~0.0.22":
    "integrity" "sha1-+8vdW0Y4epeLPt5ItCdI6P933d0="
    "resolved" "https://r.cnpmjs.org/rc-gesture/download/rc-gesture-0.0.22.tgz"
    "version" "0.0.22"
    dependencies:
      "babel-runtime" "6.x"
  
  "rc-slider@~8.2.0":
    "integrity" "sha1-rjfRcUTK1g4dpurA7k/8/qCwpug="
    "resolved" "https://r.cnpmjs.org/rc-slider/download/rc-slider-8.2.0.tgz"
    "version" "8.2.0"
    dependencies:
      "babel-runtime" "6.x"
      "classnames" "^2.2.5"
      "prop-types" "^15.5.4"
      "rc-tooltip" "^3.4.2"
      "rc-util" "^4.0.4"
      "shallowequal" "^1.0.1"
      "warning" "^3.0.0"
  
  "rc-swipeout@~2.0.0":
    "integrity" "sha1-362cezihXqA3bjnLM1bjb+16QVU="
    "resolved" "https://r.cnpmjs.org/rc-swipeout/download/rc-swipeout-2.0.11.tgz"
    "version" "2.0.11"
    dependencies:
      "babel-runtime" "6.x"
      "classnames" "2.x"
      "rc-gesture" "~0.0.22"
      "react-native-swipeout" "^2.2.2"
  
  "rc-tooltip@^3.4.2":
    "integrity" "sha1-KArsavyqROjf8EgPuv+eh/wArsw="
    "resolved" "https://r.cnpmjs.org/rc-tooltip/download/rc-tooltip-3.7.3.tgz"
    "version" "3.7.3"
    dependencies:
      "babel-runtime" "6.x"
      "prop-types" "^15.5.8"
      "rc-trigger" "^2.2.2"
  
  "rc-trigger@^2.2.2":
    "integrity" "sha1-FAqFfPKL0PoBua7LHialCnAOmIU="
    "resolved" "https://r.cnpmjs.org/rc-trigger/download/rc-trigger-2.6.5.tgz"
    "version" "2.6.5"
    dependencies:
      "babel-runtime" "6.x"
      "classnames" "^2.2.6"
      "prop-types" "15.x"
      "rc-align" "^2.4.0"
      "rc-animate" "2.x"
      "rc-util" "^4.4.0"
      "react-lifecycles-compat" "^3.0.4"
  
  "rc-util@^4.0.4", "rc-util@^4.15.3", "rc-util@^4.4.0", "rc-util@4.x":
    "integrity" "sha1-iGAtDDGFAgqhBT2aHnDqwWG+ywU="
    "resolved" "https://r.cnpmjs.org/rc-util/download/rc-util-4.21.1.tgz"
    "version" "4.21.1"
    dependencies:
      "add-dom-event-listener" "^1.1.0"
      "prop-types" "^15.5.10"
      "react-is" "^16.12.0"
      "react-lifecycles-compat" "^3.0.4"
      "shallowequal" "^1.1.0"
  
  "react-dom@^17.0.0":
    "integrity" "sha1-7P+2hF462Nv83EmPDQqTlzZQLCM="
    "resolved" "https://r.cnpmjs.org/react-dom/download/react-dom-17.0.2.tgz"
    "version" "17.0.2"
    dependencies:
      "loose-envify" "^1.1.0"
      "object-assign" "^4.1.1"
      "scheduler" "^0.20.2"
  
  "react-is@^16.12.0", "react-is@^16.6.0", "react-is@^16.7.0", "react-is@^16.8.1":
    "integrity" "sha1-eJcppNw23imZ3BVt1sHZwYzqVqQ="
    "resolved" "https://r.cnpmjs.org/react-is/download/react-is-16.13.1.tgz"
    "version" "16.13.1"
  
  "react-lifecycles-compat@^3.0.4":
    "integrity" "sha1-TxonOv38jzSIqMUWv9p4+HI1I2I="
    "resolved" "https://r.cnpmjs.org/react-lifecycles-compat/download/react-lifecycles-compat-3.0.4.tgz"
    "version" "3.0.4"
  
  "react-native-swipeout@^2.2.2":
    "integrity" "sha1-R9rIqDWCXPPy7vnklVdKPZq20/o="
    "resolved" "https://r.cnpmjs.org/react-native-swipeout/download/react-native-swipeout-2.3.6.tgz"
    "version" "2.3.6"
    dependencies:
      "create-react-class" "^15.6.0"
      "prop-types" "^15.5.10"
      "react-tween-state" "^0.1.5"
  
  "react-refresh@^0.10.0":
    "integrity" "sha1-L1NslmDAubHVAGhNnlKmXnQE9+M="
    "resolved" "https://r.cnpmjs.org/react-refresh/download/react-refresh-0.10.0.tgz"
    "version" "0.10.0"
  
  "react-router-dom@^5.2.0":
    "integrity" "sha1-nmWk0MReEyieZsexfH4XXQ6hVmI="
    "resolved" "https://r.cnpmjs.org/react-router-dom/download/react-router-dom-5.2.0.tgz"
    "version" "5.2.0"
    dependencies:
      "@babel/runtime" "^7.1.2"
      "history" "^4.9.0"
      "loose-envify" "^1.3.1"
      "prop-types" "^15.6.2"
      "react-router" "5.2.0"
      "tiny-invariant" "^1.0.2"
      "tiny-warning" "^1.0.0"
  
  "react-router@5.2.0":
    "integrity" "sha1-Qk51ZByodH+/duXsyml4GqN+opM="
    "resolved" "https://r.cnpmjs.org/react-router/download/react-router-5.2.0.tgz"
    "version" "5.2.0"
    dependencies:
      "@babel/runtime" "^7.1.2"
      "history" "^4.9.0"
      "hoist-non-react-statics" "^3.1.0"
      "loose-envify" "^1.3.1"
      "mini-create-react-context" "^0.4.0"
      "path-to-regexp" "^1.7.0"
      "prop-types" "^15.6.2"
      "react-is" "^16.6.0"
      "tiny-invariant" "^1.0.2"
      "tiny-warning" "^1.0.0"
  
  "react-tween-state@^0.1.5":
    "integrity" "sha1-6YsGZVHvuTy5LdG+FJlcLj3q4zk="
    "resolved" "https://r.cnpmjs.org/react-tween-state/download/react-tween-state-0.1.5.tgz"
    "version" "0.1.5"
    dependencies:
      "raf" "^3.1.0"
      "tween-functions" "^1.0.1"
  
  "react@^0.14.0 || ^15.0.0 || ^16.0.0 || ^17.0.0", "react@^17.0.0", "react@>=15", "react@17.0.2":
    "integrity" "sha1-0LXMUW0p6z7uOD91tihkz7aAADc="
    "resolved" "https://r.cnpmjs.org/react/download/react-17.0.2.tgz"
    "version" "17.0.2"
    dependencies:
      "loose-envify" "^1.1.0"
      "object-assign" "^4.1.1"
  
  "regenerator-runtime@^0.11.0":
    "integrity" "sha1-vgWtf5v30i4Fb5cmzuUBf78Z4uk="
    "resolved" "https://r.cnpmjs.org/regenerator-runtime/download/regenerator-runtime-0.11.1.tgz"
    "version" "0.11.1"
  
  "regenerator-runtime@^0.13.4":
    "integrity" "sha1-iSV0Kpj/2QgUmI11Zq0wyjsmO1I="
    "resolved" "https://r.cnpmjs.org/regenerator-runtime/download/regenerator-runtime-0.13.9.tgz"
    "version" "0.13.9"
  
  "resolve-pathname@^3.0.0":
    "integrity" "sha1-mdAiJNPPJjaJvsuzk7xWAxMCXc0="
    "resolved" "https://r.cnpmjs.org/resolve-pathname/download/resolve-pathname-3.0.0.tgz"
    "version" "3.0.0"
  
  "resolve@^1.20.0":
    "integrity" "sha1-YpoBP7P3B1XW8LeTXMHCxTeLGXU="
    "resolved" "https://r.cnpmjs.org/resolve/download/resolve-1.20.0.tgz"
    "version" "1.20.0"
    dependencies:
      "is-core-module" "^2.2.0"
      "path-parse" "^1.0.6"
  
  "rmc-align@~1.0.0":
    "integrity" "sha1-jWSrSEYJoEGrQkUGASoVt8W5M90="
    "resolved" "https://r.cnpmjs.org/rmc-align/download/rmc-align-1.0.0.tgz"
    "version" "1.0.0"
    dependencies:
      "babel-runtime" "6.x"
      "dom-align" "1.x"
      "rc-util" "4.x"
  
  "rmc-calendar@^1.0.0":
    "integrity" "sha1-fbSZAIeHfNSad3L0Uk0zuAFtO9I="
    "resolved" "https://r.cnpmjs.org/rmc-calendar/download/rmc-calendar-1.1.4.tgz"
    "version" "1.1.4"
    dependencies:
      "babel-runtime" "^6.26.0"
      "rc-animate" "^2.4.4"
      "rmc-date-picker" "^6.0.8"
  
  "rmc-cascader@~5.0.0":
    "integrity" "sha1-xgWx6sZhPkxUqmrtLLrn+cWoxl8="
    "resolved" "https://r.cnpmjs.org/rmc-cascader/download/rmc-cascader-5.0.3.tgz"
    "version" "5.0.3"
    dependencies:
      "array-tree-filter" "2.1.x"
      "babel-runtime" "6.x"
      "rmc-picker" "~5.0.0"
  
  "rmc-date-picker@^6.0.8":
    "integrity" "sha1-NNx9/UJCSL4tQ1J0IVdiR8MVg/Y="
    "resolved" "https://r.cnpmjs.org/rmc-date-picker/download/rmc-date-picker-6.0.10.tgz"
    "version" "6.0.10"
    dependencies:
      "babel-runtime" "6.x"
      "rmc-picker" "~5.0.0"
  
  "rmc-dialog@^1.0.1", "rmc-dialog@^1.1.1":
    "integrity" "sha1-HX+8ayytWwtT+6tx/iljbXb3ghc="
    "resolved" "https://r.cnpmjs.org/rmc-dialog/download/rmc-dialog-1.1.1.tgz"
    "version" "1.1.1"
    dependencies:
      "babel-runtime" "6.x"
      "rc-animate" "2.x"
  
  "rmc-drawer@^0.4.11":
    "integrity" "sha1-moxhJaTM03uRbzL36LR30R1BPuM="
    "resolved" "https://r.cnpmjs.org/rmc-drawer/download/rmc-drawer-0.4.11.tgz"
    "version" "0.4.11"
    dependencies:
      "babel-runtime" "6.x"
      "classnames" "^2.2.4"
      "prop-types" "^15.5.10"
  
  "rmc-feedback@^2.0.0":
    "integrity" "sha1-y8bLOuY8emNe7w4l5PuvWsNm7qo="
    "resolved" "https://r.cnpmjs.org/rmc-feedback/download/rmc-feedback-2.0.0.tgz"
    "version" "2.0.0"
    dependencies:
      "babel-runtime" "6.x"
      "classnames" "^2.2.5"
  
  "rmc-input-number@^1.0.0":
    "integrity" "sha1-QuAqJ7DDw2a+n/DOGdgYtx5Ab48="
    "resolved" "https://r.cnpmjs.org/rmc-input-number/download/rmc-input-number-1.0.5.tgz"
    "version" "1.0.5"
    dependencies:
      "babel-runtime" "6.x"
      "classnames" "^2.2.0"
      "rmc-feedback" "^2.0.0"
  
  "rmc-list-view@^0.11.0":
    "integrity" "sha1-jhUqXb7GrsRajM0fM8uO8UC5Oh4="
    "resolved" "https://r.cnpmjs.org/rmc-list-view/download/rmc-list-view-0.11.5.tgz"
    "version" "0.11.5"
    dependencies:
      "babel-runtime" "6.x"
      "classnames" "^2.2.5"
      "fbjs" "^0.8.3"
      "prop-types" "^15.5.8"
      "warning" "^3.0.0"
      "zscroller" "~0.4.0"
  
  "rmc-notification@~1.0.0":
    "integrity" "sha1-H87pj5m5cz985jqR12Y6V4dD0HU="
    "resolved" "https://r.cnpmjs.org/rmc-notification/download/rmc-notification-1.0.0.tgz"
    "version" "1.0.0"
    dependencies:
      "babel-runtime" "6.x"
      "classnames" "2.x"
      "prop-types" "^15.5.8"
      "rc-animate" "2.x"
      "rc-util" "^4.0.4"
  
  "rmc-nuka-carousel@~3.0.0":
    "integrity" "sha1-oqmXZ2sPmGNUl22sOexm2HAbS3E="
    "resolved" "https://r.cnpmjs.org/rmc-nuka-carousel/download/rmc-nuka-carousel-3.0.1.tgz"
    "version" "3.0.1"
    dependencies:
      "exenv" "^1.2.0"
      "raf" "^3.3.2"
  
  "rmc-picker@~5.0.0":
    "integrity" "sha1-nKCs9FrSyK/pAVoQOomENtgl4Y8="
    "resolved" "https://r.cnpmjs.org/rmc-picker/download/rmc-picker-5.0.10.tgz"
    "version" "5.0.10"
    dependencies:
      "babel-runtime" "6.x"
      "classnames" "^2.2.6"
      "rmc-dialog" "^1.1.1"
      "rmc-feedback" "^2.0.0"
  
  "rmc-pull-to-refresh@~1.0.1":
    "integrity" "sha1-j8G9Nsmwn81Q6NhjL1VraoRi7xo="
    "resolved" "https://r.cnpmjs.org/rmc-pull-to-refresh/download/rmc-pull-to-refresh-1.0.13.tgz"
    "version" "1.0.13"
    dependencies:
      "babel-runtime" "6.x"
      "classnames" "^2.2.5"
  
  "rmc-steps@~1.0.0":
    "integrity" "sha1-tjoPHd0oJtA7G87IWWMHclXo95g="
    "resolved" "https://r.cnpmjs.org/rmc-steps/download/rmc-steps-1.0.1.tgz"
    "version" "1.0.1"
    dependencies:
      "babel-runtime" "^6.23.0"
      "classnames" "^2.2.3"
  
  "rmc-tabs@~1.2.0":
    "integrity" "sha1-3SGRUl3rv4Uh6FrrbZdnD2UuTIM="
    "resolved" "https://r.cnpmjs.org/rmc-tabs/download/rmc-tabs-1.2.29.tgz"
    "version" "1.2.29"
    dependencies:
      "babel-runtime" "6.x"
      "rc-gesture" "~0.0.18"
  
  "rmc-tooltip@~1.0.0":
    "integrity" "sha1-WvFqPo92T6JtKxGTKXW9iLHYSNI="
    "resolved" "https://r.cnpmjs.org/rmc-tooltip/download/rmc-tooltip-1.0.1.tgz"
    "version" "1.0.1"
    dependencies:
      "babel-runtime" "6.x"
      "rmc-trigger" "1.x"
  
  "rmc-trigger@1.x":
    "integrity" "sha1-NN8QoW8fyPnosU0T1Yyr4pSrdIg="
    "resolved" "https://r.cnpmjs.org/rmc-trigger/download/rmc-trigger-1.0.12.tgz"
    "version" "1.0.12"
    dependencies:
      "babel-runtime" "6.x"
      "rc-animate" "2.x"
      "rc-util" "4.x"
      "rmc-align" "~1.0.0"
  
  "rollup@^2.38.5":
    "integrity" "sha1-oEX/P2r1PuAJtfUBbKPaAynlRw8="
    "resolved" "https://r.cnpmjs.org/rollup/download/rollup-2.56.2.tgz"
    "version" "2.56.2"
    optionalDependencies:
      "fsevents" "~2.3.2"
  
  "safe-buffer@~5.1.1":
    "integrity" "sha1-mR7GnSluAxN0fVm9/St0XDX4go0="
    "resolved" "https://r.cnpmjs.org/safe-buffer/download/safe-buffer-5.1.2.tgz"
    "version" "5.1.2"
  
  "safer-buffer@>= 2.1.2 < 3.0.0":
    "integrity" "sha1-RPoWGwGHuVSd2Eu5GAL5vYOFzWo="
    "resolved" "https://r.cnpmjs.org/safer-buffer/download/safer-buffer-2.1.2.tgz"
    "version" "2.1.2"
  
  "scheduler@^0.20.2":
    "integrity" "sha1-S67jlDbjSqk7SHS93L8P6Li1DpE="
    "resolved" "https://r.cnpmjs.org/scheduler/download/scheduler-0.20.2.tgz"
    "version" "0.20.2"
    dependencies:
      "loose-envify" "^1.1.0"
      "object-assign" "^4.1.1"
  
  "semver@^6.3.0":
    "integrity" "sha1-7gpkyK9ejO6mdoexM3YeG+y9HT0="
    "resolved" "https://r.cnpmjs.org/semver/download/semver-6.3.0.tgz"
    "version" "6.3.0"
  
  "setimmediate@^1.0.5":
    "integrity" "sha1-KQy7Iy4waULX1+qbg3Mqt4VvgoU="
    "resolved" "https://r.cnpmjs.org/setimmediate/download/setimmediate-1.0.5.tgz"
    "version" "1.0.5"
  
  "shallowequal@^1.0.1", "shallowequal@^1.1.0":
    "integrity" "sha1-GI1SHelbkIdAT9TctosT3wrk5/g="
    "resolved" "https://r.cnpmjs.org/shallowequal/download/shallowequal-1.1.0.tgz"
    "version" "1.1.0"
  
  "source-map-js@^0.6.2":
    "integrity" "sha1-C7XeYxtBz72mz7qL0FqA79/SOF4="
    "resolved" "https://r.cnpmjs.org/source-map-js/download/source-map-js-0.6.2.tgz"
    "version" "0.6.2"
  
  "source-map@^0.5.0":
    "integrity" "sha1-igOdLRAh0i0eoUyA2OpGi6LvP8w="
    "resolved" "https://r.cnpmjs.org/source-map/download/source-map-0.5.7.tgz"
    "version" "0.5.7"
  
  "supports-color@^5.3.0":
    "integrity" "sha1-4uaaRKyHcveKHsCzW2id9lMO/I8="
    "resolved" "https://r.cnpmjs.org/supports-color/download/supports-color-5.5.0.tgz"
    "version" "5.5.0"
    dependencies:
      "has-flag" "^3.0.0"
  
  "tiny-invariant@^1.0.2":
    "integrity" "sha1-Y0xfjv3CdxS384bDXmdgmR0jCHU="
    "resolved" "https://r.cnpmjs.org/tiny-invariant/download/tiny-invariant-1.1.0.tgz"
    "version" "1.1.0"
  
  "tiny-warning@^1.0.0", "tiny-warning@^1.0.3":
    "integrity" "sha1-lKMNtFPfTGQ9D9VmBg1gqHXYR1Q="
    "resolved" "https://r.cnpmjs.org/tiny-warning/download/tiny-warning-1.0.3.tgz"
    "version" "1.0.3"
  
  "to-fast-properties@^2.0.0":
    "integrity" "sha1-3F5pjL0HkmW8c+A3doGk5Og/YW4="
    "resolved" "https://r.cnpmjs.org/to-fast-properties/download/to-fast-properties-2.0.0.tgz"
    "version" "2.0.0"
  
  "tween-functions@^1.0.1":
    "integrity" "sha1-GuOlDnxguz3vd06scHrLynO7w/8="
    "resolved" "https://r.cnpmjs.org/tween-functions/download/tween-functions-1.2.0.tgz"
    "version" "1.2.0"
  
  "ua-parser-js@^0.7.18":
    "integrity" "sha1-i6BOZT81ziECOcZGYWhb+RId7DE="
    "resolved" "https://r.cnpmjs.org/ua-parser-js/download/ua-parser-js-0.7.28.tgz"
    "version" "0.7.28"
  
  "value-equal@^1.0.1":
    "integrity" "sha1-Hgt5THNMXAyt4XnEN9NW2TGjTWw="
    "resolved" "https://r.cnpmjs.org/value-equal/download/value-equal-1.0.1.tgz"
    "version" "1.0.1"
  
  "vite@^2.4.4":
    "integrity" "sha1-jEAqB61F8Wj261Qovq048+Q2Pkc="
    "resolved" "https://r.cnpmjs.org/vite/download/vite-2.4.4.tgz"
    "version" "2.4.4"
    dependencies:
      "esbuild" "^0.12.8"
      "postcss" "^8.3.6"
      "resolve" "^1.20.0"
      "rollup" "^2.38.5"
    optionalDependencies:
      "fsevents" "~2.3.2"
  
  "warning@^3.0.0":
    "integrity" "sha1-MuU3fLVy3kqwR1O9+IIcAe1gW3w="
    "resolved" "https://r.cnpmjs.org/warning/download/warning-3.0.0.tgz"
    "version" "3.0.0"
    dependencies:
      "loose-envify" "^1.0.0"
  
  "whatwg-fetch@>=0.10.0":
    "integrity" "sha1-3O0k838mJO0CgXJdUdDi4/5nf4w="
    "resolved" "https://r.cnpmjs.org/whatwg-fetch/download/whatwg-fetch-3.6.2.tgz"
    "version" "3.6.2"
  
  "zscroller@~0.4.0":
    "integrity" "sha1-ae7WhpCAju34H5cUAUNWs2zdIPQ="
    "resolved" "https://r.cnpmjs.org/zscroller/download/zscroller-0.4.8.tgz"
    "version" "0.4.8"
    dependencies:
      "babel-runtime" "6.x"
